Using pre-set license
Built from '2020.2/release' branch; Version is '2020.2.0f1 (3721df5a8b28) revision 3613151'; Using compiler version '192528614'; Build Type 'Release'
OS: 'Windows 10  (10.0.0) 64bit' Language: 'ru' Physical Memory: 12229 MB
BatchMode: 1, IsHumanControllingUs: 0, StartBugReporterOnCrash: 0, Is64bit: 1, IsPro: 0

 COMMAND LINE ARGUMENTS:
C:\Program Files\Unity\Hub\Editor\2020.2.0f1\Editor\Unity.exe
-adb2
-batchMode
-noUpm
-name
AssetImportWorker0
-projectPath
G:/UnityGames/throw_the_ball2/throw_the_ball
-logFile
Logs/AssetImportWorker0.log
-srvPort
50616
Successfully changed project path to: G:/UnityGames/throw_the_ball2/throw_the_ball
G:/UnityGames/throw_the_ball2/throw_the_ball
Using Asset Import Pipeline V2.
Refreshing native plugins compatible for Editor in 110.28 ms, found 0 plugins.
Preloading 0 native plugins for Editor in 0.00 ms.
Initialize engine version: 2020.2.0f1 (3721df5a8b28)
[Subsystems] Discovering subsystems at path C:/Program Files/Unity/Hub/Editor/2020.2.0f1/Editor/Data/Resources/UnitySubsystems
[Subsystems] Discovering subsystems at path G:/UnityGames/throw_the_ball2/throw_the_ball/Assets
GfxDevice: creating device client; threaded=0
Direct3D:
    Version:  Direct3D 11.0 [level 11.1]
    Renderer: NVIDIA GeForce GTX 1050 Ti (ID=0x1c82)
    Vendor:   
    VRAM:     4018 MB
    Driver:   27.21.14.6079
Initialize mono
Mono path[0] = 'C:/Program Files/Unity/Hub/Editor/2020.2.0f1/Editor/Data/Managed'
Mono path[1] = 'C:/Program Files/Unity/Hub/Editor/2020.2.0f1/Editor/Data/MonoBleedingEdge/lib/mono/unityjit'
Mono config path = 'C:/Program Files/Unity/Hub/Editor/2020.2.0f1/Editor/Data/MonoBleedingEdge/etc'
Using monoOptions --debugger-agent=transport=dt_socket,embedding=1,server=y,suspend=n,address=127.0.0.1:56924
Begin MonoManager ReloadAssembly
Registering precompiled unity dll's ...
Register platform support module: C:/Program Files/Unity/Hub/Editor/2020.2.0f1/Editor/Data/PlaybackEngines/WindowsStandaloneSupport/UnityEditor.WindowsStandalone.Extensions.dll
Registered in 0.050159 seconds.
Native extension for WindowsStandalone target not found
Refreshing native plugins compatible for Editor in 107.14 ms, found 0 plugins.
Preloading 0 native plugins for Editor in 0.00 ms.
Invoked RoslynAnalysisRunner static constructor.
RoslynAnalysisRunner will not be running.
RoslynAnalysisRunner has terminated.
Mono: successfully reloaded assembly
- Completed reload, in  8.192 seconds
Platform modules already initialized, skipping
Registering precompiled user dll's ...
Registered in 0.005440 seconds.
Begin MonoManager ReloadAssembly
Native extension for WindowsStandalone target not found
Refreshing native plugins compatible for Editor in 1.03 ms, found 0 plugins.
Preloading 0 native plugins for Editor in 0.00 ms.
Invoked RoslynAnalysisRunner static constructor.
RoslynAnalysisRunner will not be running.
RoslynAnalysisRunner has terminated.
Mono: successfully reloaded assembly
- Completed reload, in  2.030 seconds
Platform modules already initialized, skipping
========================================================================
Worker process is ready to serve import requests
Launched and connected shader compiler UnityShaderCompiler.exe after 0.07 seconds
Refreshing native plugins compatible for Editor in 1.03 ms, found 0 plugins.
Preloading 0 native plugins for Editor in 0.00 ms.
Unloading 1167 Unused Serialized files (Serialized files now loaded: 0)
System memory in use before: 64.1 MB.
System memory in use after: 64.1 MB.

Unloading 12 unused Assets to reduce memory usage. Loaded Objects now: 1607.
Total: 3.263400 ms (FindLiveObjects: 0.178800 ms CreateObjectMapping: 0.653200 ms MarkObjects: 2.338600 ms  DeleteObjects: 0.090500 ms)

========================================================================
Received Import Request.
  path: Assets/Scenes/Level 1 (City).asset
  artifactKey: Guid(c98bb68a04bd4ef4583b811d14b7119a) Importer(815301076,1909f56bfc062723c751e8b465ee728b)
Start importing Assets/Scenes/Level 1 (City).asset using Guid(c98bb68a04bd4ef4583b811d14b7119a) Importer(815301076,1909f56bfc062723c751e8b465ee728b)  -> (artifact id: '9fd209068ff6907b62da7e362fe96bad') in 0.087080 seconds
  Import took 0.091582 seconds .

========================================================================
Received Import Request.
  Time since last request: 0.000459 seconds.
  path: Assets/Scenes/Main Menu.asset
  artifactKey: Guid(31b208e2acea1774bbde0ad960207f9c) Importer(815301076,1909f56bfc062723c751e8b465ee728b)
Start importing Assets/Scenes/Main Menu.asset using Guid(31b208e2acea1774bbde0ad960207f9c) Importer(815301076,1909f56bfc062723c751e8b465ee728b)  -> (artifact id: '1924a73a7cba34cddeb3b67ee4827cfa') in 0.027887 seconds
  Import took 0.049931 seconds .

